1593295278625	mozrunner::runner	INFO	Running command: "C:\\Program Files\\Mozilla Firefox\\firefox.exe" "-marionette" "-foreground" "-no-remote" "-profile" "C:\\Users\\BLOODB~1\\AppData\\Local\\Temp\\rust_mozprofileR2kHO5"
JavaScript error: resource://gre/modules/XULStore.jsm, line 66: Error: Can't find profile directory.
1593295280917	Marionette	INFO	Listening on port 50255
1593295281337	Marionette	WARN	TLS certificate errors will be ignored for this session
1593295308250	Marionette	INFO	Stopped listening on port 50255

###!!! [Child][RunMessage] Error: Channel closing: too late to send/recv, messages will be lost


###!!! [Child][MessageChannel::SendAndWait] Error: Channel error: cannot send/recv

gre/modules/XULStore.jsm, line 66: Error: Can't find profile directory.
1593295309199	Marionette	INFO	Listening on port 50295
1593295309220	Marionette	WARN	TLS certificate errors will be ignored for this session
1593295324108	Marionette	INFO	Stopped listening on port 50295

###!!! [Child][RunMessage] Error: Channel closing: too late to send/recv, messages will be lost


###!!! [Child][MessageChannel::SendAndWait] Error: ChanneJavaScript error: resource://gre/modules/XULStore.jsm, line 66: Error: Can't find profile directory.
1593295326214	Marionette	INFO	Listening on port 50339
1593295326447	Marionette	WARN	TLS certificate errors will be ignored for this session
1593295333002	Marionette	INFO	Stopped listening on port 50339

###!!! [Child][RunMessage] Error: Channel closing: too late to send/recv, messages will be lost


###!!! [Child][MessageChannel::SendAndWait] Error: Channel error: cannot send/recv

1593295368543	mozrunner::runner	INFO	Running command: "C:\\Program Files\\Mozilla Firefox\\firefox.exe" "-marionette" "-foreground" "-no-remote" "-profile" "C:\\Users\\BLOODB~1\\AppData\\Local\\Temp\\rust_mozprofileuMkEBU"
JavaScript error: resource://gre/modules/XULStore.jsm, line 66: Error: Can't find profile directory.
1593295370743	Marionette	INFO	Listening on port 50379
1593295370757	Marionette	WARN	TLS certificate errors will be ignored for this session
1593295430909	Marionette	INFO	Stopped listening on port 50379

###!!! [Child][RunMessage] Error: Channel closing: too late to send/recv, messages will be lost


###!!! [Child][MessageChannel::SendAndWait] Error: Channel error: cannot send/recv

1593295462925	mozrunner::runner	INFO	Running command: "C:\\Program Files\\Mozilla Firefox\\firefox.exe" "-marionette" "-foreground" "-no-remote" "-profile" "C:\\Users\\BLOODB~1\\AppData\\Local\\Temp\\rust_mozprofilebKXb6B"
JavaScript error: resource://gre/modules/XULStore.jsm, line 66: Error: Can't find profile directory.
1593295465237	Marionette	INFO	Listening on port 50438
1593295465641	Marionette	WARN	TLS certificate errors will be ignored for this session
1593295469894	Marionette	INFO	Stopped listening on port 50438

###!!! [Child][RunMessage] Error: Channel closing: too late to send/recv, messages will be lost


###!!! [Child][MessageChannel::SendAndWait] Error: Channel error: cannot send/recv

1593295490994	mozrunner::runner	INFO	Running command: "C:\\Program Files\\Mozilla Firefox\\firefox.exe" "-marionette" "-foreground" "-no-remote" "-profile" "C:\\Users\\BLOODB~1\\AppData\\Local\\Temp\\rust_mozprofilej3hCoX"
JavaScript error: resource://gre/modules/XULStore.jsm, line 66: Error: Can't find profile directory.
1593295493357	Marionette	INFO	Listening on port 50483
1593295493703	Marionette	WARN	TLS certificate errors will be ignored for this session
1593296458545	Marionette	INFO	Stopped listening on port 50483

###!!! [Child][RunMessage] Error: Channel closing: too late to send/recv, messages will be lost


###!!! [Child][MessageChannel::SendAndWait] Error: Channel error: cannot send/recv

gre/modules/XULStore.jsm, line 66: Error: Can't find profile directory.
1593295517585	Marionette	INFO	Listening on port 50522
1593295517920	Marionette	WARN	TLS certificate errors will be ignored for this session
1593295524880	Marionette	INFO	Stopped listening on port 50522

###!!! [Child][RunMessage] Error: Channel closing: too late to send/recv, messages will be lost


###!!! [Child][MessageChannel::SendAndWait] Error: Channel error: cannot send/recv

1593295551513	mozrunner::runner	INFO	Running command: "C:\\Program Files\\Mozilla Firefox\\firefox.exe" "-marionette" "-foreground" "-no-remote" "-profile" "C:\\Users\\BLOODB~1\\AppData\\Local\\Temp\\rust_mozprofile6TD3jT"
JavaScript error: resource://gre/modules/XULStore.jsm, line 66: Error: Can't find profile directory.
1593295553812	Marionette	INFO	Listening on port 50566
1593295554229	Marionette	WARN	TLS certificate errors will be ignored for this session
JavaScript error: resource://gre/actors/AutoCompleteChild.jsm, line 196: Error: Invalid autocomplete selectedIndex
JavaScript error: resource://gre/actors/AutoCompleteChild.jsm, line 196: Error: Invalid autocomplete selectedIndex
JavaScript error: resource://gre/modules/LoginManagerChild.jsm, line 174: NS_ERROR_XPC_JAVASCRIPT_ERROR_WITH_DETAILS: [JavaScript Error: "Invalid autocomplete selectedIndex" {file: "resource://gre/actors/AutoCompleteChild.jsm" line: 196}]'[JavaScript Error: "Invalid autocomplete selectedIndex" {file: "resource://gre/actors/AutoCompleteChild.jsm" line: 196}]' when calling method: [nsIAutoCompletePopup::selectedIndex]

###!!! [Child][RunMessage] Error: Channel closing: too late to send/recv, messages will be lost

1593296458683	Marionette	INFO	Stopped listening on port 50566

###!!! [Child][RunMessage] Error: Channel closing: too late to send/recv, messages will be lost


###!!! [Child][MessageChannel::SendAndWait] Error: Channel error: cannot send/recv

Error: Can't find profile directory.
1593295715969	Marionette	INFO	Listening on port 50662
1593295716303	Marionette	WARN	TLS certificate errors will be ignored for this session
1593295718672	Marionette	INFO	Stopped listening on port 50662

###!!! [Child][RunMessage] Error: Channel closing: too late to send/recv, messages will be lost


###!!! [Child][MessageChannel::SendAndWait] Error: Channel error: cannot send/recv

1593296400970	mozrunner::runner	INFO	Running command: "C:\\Program Files\\Mozilla Firefox\\firefox.exe" "-marionette" "-foreground" "-no-remote" "-profile" "C:\\Users\\BLOODB~1\\AppData\\Local\\Temp\\rust_mozprofileuJ9YXK"
JavaScript error: resource://gre/modules/XULStore.jsm, line 66: Error: Can't find profile directory.

###!!! [Child][RunMessage] Error: Channel closing: too late to send/recv, messages will be lost

1593296403648	Marionette	INFO	Listening on port 50978
1593296403683	Marionette	WARN	TLS certificate errors will be ignored for this session

###!!! [Child][RunMessage] Error: Channel closing: too late to send/recv, messages will be lost


###!!! [Child][RunMessage] Error: Channel closing: too late to send/recv, messages will be lost


###!!! [Child][RunMessage] Error: Channel closing: too late to send/recv, messages will be lost


###!!! [Child][RunMessage] Error: Channel closing: too late to send/recv, messages will be lost

1593296455324	Marionette	INFO	Stopped listening on port 50978

###!!! [Child][RunMessage] Error: Channel closing: too late to send/recv, messages will be lost


###!!! [Child][MessageChannel::SendAndWait] Error: Channel error: cannot send/recv

1593296565315	mozrunner::runner	INFO	Running command: "C:\\Program Files\\Mozilla Firefox\\firefox.exe" "-marionette" "-foreground" "-no-remote" "-profile" "C:\\Users\\BLOODB~1\\AppData\\Local\\Temp\\rust_mozprofileU62PUT"
JavaScript error: resource://gre/modules/XULStore.jsm, line 66: Error: Can't find profile directory.
1593296567724	Marionette	INFO	Listening on port 51090
1593296568029	Marionette	WARN	TLS certificate errors will be ignored for this session
1593296581638	Marionette	INFO	Stopped listening on port 51090

###!!! [Child][RunMessage] Error: Channel closing: too late to send/recv, messages will be lost


###!!! [Child][MessageChannel::SendAndWait] Error: Channel error: cannot send/recv

1593296586581	mozrunner::runner	INFO	Running command: "C:\\Program Files\\Mozilla Firefox\\firefox.exe" "-marionette" "-foreground" "-no-remote" "-profile" "C:\\Users\\BLOODB~1\\AppData\\Local\\Temp\\rust_mozprofilej0IUWy"
JavaScript error: resource://gre/modules/XULStore.jsm, line 66: Error: Can't find profile directory.
1593296589108	Marionette	INFO	Listening on port 51174
1593296589291	Marionette	WARN	TLS certificate errors will be ignored for this session

###!!! [Child][MessageChannel] Error: (msgtype=0x59000D,name=PHttpChannel::Msg_DeletingChannel) Channel closing: too late to send/recv, messages will be lost


###!!! [Child][RunMessage] Error: Channel closing: too late to send/recv, messages will be lost

1593296592601	Marionette	INFO	Stopped listening on port 51174

###!!! [Child][RunMessage] Error: Channel closing: too late to send/recv, messages will be lost


###!!! [Child][MessageChannel::SendAndWait] Error: Channel error: cannot send/recv

1593296639134	mozrunner::runner	INFO	Running command: "C:\\Program Files\\Mozilla Firefox\\firefox.exe" "-marionette" "-foreground" "-no-remote" "-profile" "C:\\Users\\BLOODB~1\\AppData\\Local\\Temp\\rust_mozprofileay2MdZ"
JavaScript error: resource://gre/modules/XULStore.jsm, line 66: Error: Can't find profile directory.
1593296641434	Marionette	INFO	Listening on port 51272
1593296641860	Marionette	WARN	TLS certificate errors will be ignored for this session
1593296655449	Marionette	INFO	Stopped listening on port 51272

###!!! [Child][RunMessage] Error: Channel closing: too late to send/recv, messages will be lost


###!!! [Child][MessageChannel::SendAndWait] Error: Channel error: cannot send/recv

1593296851502	mozrunner::runner	INFO	Running command: "C:\\Program Files\\Mozilla Firefox\\firefox.exe" "-marionette" "-foreground" "-no-remote" "-profile" "C:\\Users\\BLOODB~1\\AppData\\Local\\Temp\\rust_mozprofileY3t50c"
JavaScript error: resource://gre/modules/XULStore.jsm, line 66: Error: Can't find profile directory.
1593296853721	Marionette	INFO	Listening on port 51520
1593296854213	Marionette	WARN	TLS certificate errors will be ignored for this session

###!!! [Child][RunMessage] Error: Channel closing: too late to send/recv, messages will be lost


###!!! [Child][RunMessage] Error: Channel closing: too late to send/recv, messages will be lost

1593296931557	Marionette	INFO	Stopped listening on port 51520

###!!! [Child][RunMessage] Error: Channel closing: too late to send/recv, messages will be lost


###!!! [Child][MessageChannel::SendAndWait] Error: Channel error: cannot send/recv

1593349652854	mozrunner::runner	INFO	Running command: "C:\\Program Files\\Mozilla Firefox\\firefox.exe" "-marionette" "-foreground" "-no-remote" "-profile" "C:\\Users\\BLOODB~1\\AppData\\Local\\Temp\\rust_mozprofileHx2UH1"
JavaScript error: resource://gre/modules/XULStore.jsm, line 66: Error: Can't find profile directory.
1593349656319	Marionette	INFO	Listening on port 50814
1593349656676	Marionette	WARN	TLS certificate errors will be ignored for this session
1593349671009	Marionette	INFO	Stopped listening on port 50814

###!!! [Child][RunMessage] Error: Channel closing: too late to send/recv, messages will be lost


###!!! [Child][MessageChannel::SendAndWait] Error: Channel error: cannot send/recv

1593349979651	mozrunner::runner	INFO	Running command: "C:\\Program Files\\Mozilla Firefox\\firefox.exe" "-marionette" "-foreground" "-no-remote" "-profile" "C:\\Users\\BLOODB~1\\AppData\\Local\\Temp\\rust_mozprofileR2RgU9"
JavaScript error: resource://gre/modules/XULStore.jsm, line 66: Error: Can't find profile directory.
1593349982000	Marionette	INFO	Listening on port 50950
1593349982373	Marionette	WARN	TLS certificate errors will be ignored for this session
1593349996857	Marionette	INFO	Stopped listening on port 50950

###!!! [Child][RunMessage] Error: Channel closing: too late to send/recv, messages will be lost


###!!! [Child][MessageChannel::SendAndWait] Error: Channel error: cannot send/recv

1593350022735	mozrunner::runner	INFO	Running command: "C:\\Program Files\\Mozilla Firefox\\firefox.exe" "-marionette" "-foreground" "-no-remote" "-profile" "C:\\Users\\BLOODB~1\\AppData\\Local\\Temp\\rust_mozprofileYZIJlA"
JavaScript error: resource://gre/modules/XULStore.jsm, line 66: Error: Can't find profile directory.
1593350025075	Marionette	INFO	Listening on port 51022
1593350025451	Marionette	WARN	TLS certificate errors will be ignored for this session
1593350029545	Marionette	INFO	Stopped listening on port 51022

###!!! [Child][RunMessage] Error: Channel closing: too late to send/recv, messages will be lost


###!!! [Child][MessageChannel::SendAndWait] Error: Channel error: cannot send/recv

1593353677664	mozrunner::runner	INFO	Running command: "C:\\Program Files\\Mozilla Firefox\\firefox.exe" "-marionette" "-foreground" "-no-remote" "-profile" "C:\\Users\\BLOODB~1\\AppData\\Local\\Temp\\rust_mozprofileMkynlq"
JavaScript error: resource://gre/modules/XULStore.jsm, line 66: Error: Can't find profile directory.
1593353681037	Marionette	INFO	Listening on port 51350
1593353681496	Marionette	WARN	TLS certificate errors will be ignored for this session
1593353687943	Marionette	INFO	Stopped listening on port 51350

###!!! [Child][RunMessage] Error: Channel closing: too late to send/recv, messages will be lost


###!!! [Child][MessageChannel::SendAndWait] Error: Channel error: cannot send/recv

1593353766115	mozrunner::runner	INFO	Running command: "C:\\Program Files\\Mozilla Firefox\\firefox.exe" "-marionette" "-foreground" "-no-remote" "-profile" "C:\\Users\\BLOODB~1\\AppData\\Local\\Temp\\rust_mozprofileUDDbAe"
JavaScript error: resource://gre/modules/XULStore.jsm, line 66: Error: Can't find profile directory.
1593353768567	Marionette	INFO	Listening on port 51424
1593353768828	Marionette	WARN	TLS certificate errors will be ignored for this session
1593353773934	Marionette	INFO	Stopped listening on port 51424

###!!! [Child][RunMessage] Error: Channel closing: too late to send/recv, messages will be lost


###!!! [Child][MessageChannel::SendAndWait] Error: Channel error: cannot send/recv

1593353938064	mozrunner::runner	INFO	Running command: "C:\\Program Files\\Mozilla Firefox\\firefox.exe" "-marionette" "-foreground" "-no-remote" "-profile" "C:\\Users\\BLOODB~1\\AppData\\Local\\Temp\\rust_mozprofilejCVPGp"
JavaScript error: resource://gre/modules/XULStore.jsm, line 66: Error: Can't find profile directory.
1593353940335	Marionette	INFO	Listening on port 51501
1593353940774	Marionette	WARN	TLS certificate errors will be ignored for this session
1593353945252	Marionette	INFO	Stopped listening on port 51501

###!!! [Child][RunMessage] Error: Channel closing: too late to send/recv, messages will be lost


###!!! [Child][MessageChannel::SendAndWait] Error: Channel error: cannot send/recv

1593354192758	mozrunner::runner	INFO	Running command: "C:\\Program Files\\Mozilla Firefox\\firefox.exe" "-marionette" "-foreground" "-no-remote" "-profile" "C:\\Users\\BLOODB~1\\AppData\\Local\\Temp\\rust_mozprofilek3hj3h"
JavaScript error: resource://gre/modules/XULStore.jsm, line 66: Error: Can't find profile directory.
1593354195126	Marionette	INFO	Listening on port 51577
1593354195473	Marionette	WARN	TLS certificate errors will be ignored for this session
1593354204171	Marionette	INFO	Stopped listening on port 51577

###!!! [Child][RunMessage] Error: Channel closing: too late to send/recv, messages will be lost


###!!! [Child][MessageChannel::SendAndWait] Error: Channel error: cannot send/recv

1593354366316	mozrunner::runner	INFO	Running command: "C:\\Program Files\\Mozilla Firefox\\firefox.exe" "-marionette" "-foreground" "-no-remote" "-profile" "C:\\Users\\BLOODB~1\\AppData\\Local\\Temp\\rust_mozprofileF0yvVE"
JavaScript error: resource://gre/modules/XULStore.jsm, line 66: Error: Can't find profile directory.
1593354368649	Marionette	INFO	Listening on port 51648
1593354369029	Marionette	WARN	TLS certificate errors will be ignored for this session
1593356824271	Marionette	INFO	Stopped listening on port 51648

###!!! [Child][RunMessage] Error: Channel closing: too late to send/recv, messages will be lost


###!!! [Child][MessageChannel::SendAndWait] Error: Channel error: cannot send/recv

gre/modules/XULStore.jsm, line 66: Error: Can't find profile directory.
1593354442674	Marionette	INFO	Listening on port 51719
1593354443104	Marionette	WARN	TLS certificate errors will be ignored for this session
1593354446637	Marionette	INFO	Stopped listening on port 51719

###!!! [Child][RunMessage] Error: Channel closing: too late to send/recv, messages will be lost


###!!! [Child][MessageChannel::SendAndWait] Error: Channel error: cannot send/recv

1593354489488	mozrunner::runner	INFO	Running command: "C:\\Program Files\\Mozilla Firefox\\firefox.exe" "-marionette" "-foreground" "-no-remote" "-profile" "C:\\Users\\BLOODB~1\\AppData\\Local\\Temp\\rust_mozprofile4A0uym"
JavaScript error: resource://gre/modules/XULStore.jsm, line 66: Error: Can't find profile directory.
1593354491890	Marionette	INFO	Listening on port 51788
1593354492210	Marionette	WARN	TLS certificate errors will be ignored for this session
1593354496765	Marionette	INFO	Stopped listening on port 51788

###!!! [Child][RunMessage] Error: Channel closing: too late to send/recv, messages will be lost


###!!! [Child][MessageChannel::SendAndWait] Error: Channel error: cannot send/recv

1593354543432	mozrunner::runner	INFO	Running command: "C:\\Program Files\\Mozilla Firefox\\firefox.exe" "-marionette" "-foreground" "-no-remote" "-profile" "C:\\Users\\BLOODB~1\\AppData\\Local\\Temp\\rust_mozprofileoR5nOB"
JavaScript error: resource://gre/modules/XULStore.jsm, line 66: Error: Can't find profile directory.
1593354545607	Marionette	INFO	Listening on port 51850
1593354545640	Marionette	WARN	TLS certificate errors will be ignored for this session
1593354550887	Marionette	INFO	Stopped listening on port 51850

###!!! [Child][MessageChannel::SendAndWait] Error: Channel error: cannot send/recv

1593354696201	mozrunner::runner	INFO	Running command: "C:\\Program Files\\Mozilla Firefox\\firefox.exe" "-marionette" "-foreground" "-no-remote" "-profile" "C:\\Users\\BLOODB~1\\AppData\\Local\\Temp\\rust_mozprofile5Mcqx8"
JavaScript error: resource://gre/modules/XULStore.jsm, line 66: Error: Can't find profile directory.
1593354698440	Marionette	INFO	Listening on port 51923
1593354698925	Marionette	WARN	TLS certificate errors will be ignored for this session
1593354701775	Marionette	INFO	Stopped listening on port 51923

###!!! [Child][RunMessage] Error: Channel closing: too late to send/recv, messages will be lost


###!!! [Child][MessageChannel::SendAndWait] Error: Channel error: cannot send/recv

1593354740744	mozrunner::runner	INFO	Running command: "C:\\Program Files\\Mozilla Firefox\\firefox.exe" "-marionette" "-foreground" "-no-remote" "-profile" "C:\\Users\\BLOODB~1\\AppData\\Local\\Temp\\rust_mozprofileyCshfh"
JavaScript error: resource://gre/modules/XULStore.jsm, line 66: Error: Can't find profile directory.
1593354743016	Marionette	INFO	Listening on port 51986
1593354743454	Marionette	WARN	TLS certificate errors will be ignored for this session
1593356823569	Marionette	INFO	Stopped listening on port 51986

###!!! [Child][RunMessage] Error: Channel closing: too late to send/recv, messages will be lost


###!!! [Child][MessageChannel::SendAndWait] Error: Channel error: cannot send/recv

gre/modules/XULStore.jsm, line 66: Error: Can't find profile directory.
1593354939841	Marionette	INFO	Listening on port 52085
1593354940156	Marionette	WARN	TLS certificate errors will be ignored for this session
1593354944953	Marionette	INFO	Stopped listening on port 52085

###!!! [Child][MessageChannel::SendAndWait] Error: Channel error: cannot send/recv

1593355254686	mozrunner::runner	INFO	Running command: "C:\\Program Files\\Mozilla Firefox\\firefox.exe" "-marionette" "-foreground" "-no-remote" "-profile" "C:\\Users\\BLOODB~1\\AppData\\Local\\Temp\\rust_mozprofileaM1h0t"
JavaScript error: resource://gre/modules/XULStore.jsm, line 66: Error: Can't find profile directory.
1593355257224	Marionette	INFO	Listening on port 52202
1593355257422	Marionette	WARN	TLS certificate errors will be ignored for this session
1593355262560	Marionette	INFO	Stopped listening on port 52202

###!!! [Child][RunMessage] Error: Channel closing: too late to send/recv, messages will be lost


###!!! [Child][MessageChannel::SendAndWait] Error: Channel error: cannot send/recv

1593359636575	mozrunner::runner	INFO	Running command: "C:\\Program Files\\Mozilla Firefox\\firefox.exe" "-marionette" "-foreground" "-no-remote" "-profile" "C:\\Users\\BLOODB~1\\AppData\\Local\\Temp\\rust_mozprofileuUEPIs"
JavaScript error: resource://gre/modules/XULStore.jsm, line 66: Error: Can't find profile directory.
1593359639713	Marionette	INFO	Listening on port 53008
1593359639795	Marionette	WARN	TLS certificate errors will be ignored for this session
1593359789604	Marionette	INFO	Stopped listening on port 53008

###!!! [Child][RunMessage] Error: Channel closing: too late to send/recv, messages will be lost


###!!! [Child][MessageChannel::SendAndWait] Error: ChanneJavaScript error: resource://gre/modules/XULStore.jsm, line 66: Error: Can't find profile directory.
1593359791131	Marionette	INFO	Listening on port 53093
1593359791216	Marionette	WARN	TLS certificate errors will be ignored for this session
JavaScript error: , line 0: NS_ERROR_NOT_AVAILABLE
1593362707508	Marionette	INFO	Stopped listening on port 53093

###!!! [Child][MessageChannel::SendAndWait] Error: Channel error: cannot send/recv

t_mozprofileZ6PgtN"
JavaScript error: resource://gre/modules/XULStore.jsm, line 66: Error: Can't find profile directory.
1593359845452	Marionette	INFO	Listening on port 53165
1593359845618	Marionette	WARN	TLS certificate errors will be ignored for this session
JavaScript error: , line 0: NS_ERROR_NOT_AVAILABLE
1593362706943	Marionette	INFO	Stopped listening on port 53165

###!!! [Child][MessageChannel::SendAndWait] Error: Channel error: cannot send/recv

t_mozprofilefbqB5r"
JavaScript error: resource://gre/modules/XULStore.jsm, line 66: Error: Can't find profile directory.
1593359904779	Marionette	INFO	Listening on port 53250
1593359905047	Marionette	WARN	TLS certificate errors will be ignored for this session

###!!! [Child][RunMessage] Error: Channel closing: too late to send/recv, messages will be lost

1593362706694	Marionette	INFO	Stopped listening on port 53250

###!!! [Child][RunMessage] Error: Channel closing: too late to send/recv, messages will be lost


###!!! [Child][MessageChannel::SendAndWait] Error: Channel error: cannot send/recv

O	Listening on port 53321
1593359957525	Marionette	WARN	TLS certificate errors will be ignored for this session
JavaScript error: , line 0: NS_ERROR_NOT_AVAILABLE
JavaScript warning: https://www.youtube.com/yts/jsbin/webcomponents-sd-vfll5iksz/webcomponents-sd.js, line 34: Script terminated by timeout at:
sb@https://www.youtube.com/yts/jsbin/webcomponents-sd-vfll5iksz/webcomponents-sd.js:34:204
yb/<@https://www.youtube.com/yts/jsbin/webcomponents-sd-vfll5iksz/webcomponents-sd.js:40:103

1593361887099	Marionette	INFO	Stopped listening on port 53321

###!!! [Child][RunMessage] Error: Channel closing: too late to send/r1593362707184	Marionette	INFO	Stopped listening on port 53398

###!!! [Child][MessageChannel::SendAndWait] Error: Channel error: cannot send/recv

t_mozprofile36d1p8"
JavaScript error: resource://gre/modules/XULStore.jsm, line 66: Error: Can't find profile directory.
1593360103002	Marionette	INFO	Listening on port 53487
1593360103031	Marionette	WARN	TLS certificate errors will be ignored for this session
JavaScript error: , line 0: NS_ERROR_NOT_AVAILABLE
1593362706620	Marionette	INFO	Stopped listening on port 53487

###!!! [Child][MessageChannel::SendAndWait] Error: Channel error: cannot send/recv

t_mozprofilej3UZ3Y"
JavaScript error: resource://gre/modules/XULStore.jsm, line 66: Error: Can't find profile directory.
1593360123903	Marionette	INFO	Listening on port 53555
1593360124045	Marionette	WARN	TLS certificate errors will be ignored for this session
JavaScript error: , line 0: NS_ERROR_NOT_AVAILABLE
1593362707014	Marionette	INFO	Stopped listening on port 53555

###!!! [Child][MessageChannel::SendAndWait] Error: Channel error: cannot send/recv

t_mozprofile5SS4lL"
JavaScript error: resource://gre/modules/XULStore.jsm, line 66: Error: Can't find profile directory.
1593360155788	Marionette	INFO	Listening on port 53630
1593360156158	Marionette	WARN	TLS certificate errors will be ignored for this session
JavaScript error: , line 0: NS_ERROR_NOT_AVAILABLE
1593362706698	Marionette	INFO	Stopped listening on port 53630

###!!! [Child][MessageChannel::SendAndWait] Error: Channel error: cannot send/recv

t_mozprofilebDRm0a"
JavaScript error: resource://gre/modules/XULStore.jsm, line 66: Error: Can't find profile directory.

###!!! [Child][MessageChannel] Error: (msgtype=0x380133,name=PContent::Msg_AsyncMessage) Channel closing: too late to send/recv, messages will be lost

[Parent 18424, Gecko_IOThread] WARNING: file /builds/worker/checkouts/gecko/ipc/chromium/src/base/process_util_win.cc, line 166
1593360189249	Marionette	INFO	Listening on port 53707
1593360189689	Marionette	WARN	TLS certificate errors will be ignored for this session
1593360192145	Marionette	INFO	Stopped listening on port 53707

###!!! [Child][RunMessage] Error: Channel closing: too late to send/recv, messages will be lost


###!!! [Child][MessageChannel::SendAndWait] Error: Channel error: cannot send/recv

1593360244344	mozrunner::runner	INFO	Running command: "C:\\Program Files\\Mozilla Firefox\\firefox.exe" "-marionette" "-foreground" "-no-remote" "-profile" "C:\\Users\\BLOODB~1\\AppData\\Local\\Temp\\rust_mozprofileEIwvrY"
JavaScript error: resource://gre/modules/XULStore.jsm, line 66: Error: Can't find profile directory.
1593360247737	Marionette	INFO	Listening on port 53786
1593360248175	Marionette	WARN	TLS certificate errors will be ignored for this session
1593360252241	Marionette	INFO	Stopped listening on port 53786

###!!! [Child][MessageChannel::SendAndWait] Error: Channel error: cannot send/recv

1593360289040	mozrunner::runner	INFO	Running command: "C:\\Program Files\\Mozilla Firefox\\firefox.exe" "-marionette" "-foreground" "-no-remote" "-profile" "C:\\Users\\BLOODB~1\\AppData\\Local\\Temp\\rust_mozprofileTfnArE"
JavaScript error: resource://gre/modules/XULStore.jsm, line 66: Error: Can't find profile directory.
1593360291820	Marionette	INFO	Listening on port 53850
1593360292264	Marionette	WARN	TLS certificate errors will be ignored for this session
1593360295106	Marionette	INFO	Stopped listening on port 53850

###!!! [Child][MessageChannel::SendAndWait] Error: Channel error: cannot send/recv

1593362838489	mozrunner::runner	INFO	Running command: "C:\\Program Files\\Mozilla Firefox\\firefox.exe" "-marionette" "--headless" "-foreground" "-no-remote" "-profile" "C:\\Users\\BLOODB~1\\AppData\\Local\\Temp\\rust_mozprofileBkt419"
*** You are running in headless mode.
JavaScript error: resource://gre/modules/XULStore.jsm, line 66: Error: Can't find profile directory.
1593362841160	Marionette	INFO	Listening on port 54533
1593362841236	Marionette	WARN	TLS certificate errors will be ignored for this session
1593362851137	Marionette	INFO	Stopped listening on port 54533

###!!! [Child][RunMessage] Error: Channel closing: too late to send/recv, messages will be lost

1593362870050	mozrunner::runner	INFO	Running command: "C:\\Program Files\\Mozilla Firefox\\firefox.exe" "-marionette" "--headless" "-foreground" "-no-remote" "-profile" "C:\\Users\\BLOODB~1\\AppData\\Local\\Temp\\rust_mozprofileSWbUH6"
*** You are running in headless mode.
JavaScript error: resource://gre/modules/XULStore.jsm, line 66: Error: Can't find profile directory.
1593362871668	Marionette	INFO	Listening on port 54597
1593362871679	Marionette	WARN	TLS certificate errors will be ignored for this session
1593362882316	Marionette	INFO	Stopped listening on port 54597
ram Files\\Mozilla Firefox\\firefox.exe" "-marionette" "-foreground" "-no-remote" "-profile" "C:\\Users\\BLOODB~1\\AppData\\Local\\Temp\\rust_mozprofileiFAxrY"
JavaScript error: resource://gre/modules/XULStore.jsm, line 66: Error: Can't find profile directory.
1593362877022	Marionette	INFO	Listening on port 54634
1593362877474	Marionette	WARN	TLS certificate errors will be ignored for this session
1593362918727	Marionette	INFO	Stopped listening on port 54634

###!!! [Child][RunMessage] Error: Channel closing: too late to send/recv, messages will be lost


###!!! [Child][MessageChannel::SendAndWait] Error: Channel error: cannot send/recv

1593362925000	mozrunner::runner	INFO	Running command: "C:\\Program Files\\Mozilla Firefox\\firefox.exe" "-marionette" "--headless" "-foreground" "-no-remote" "-profile" "C:\\Users\\BLOODB~1\\AppData\\Local\\Temp\\rust_mozprofileRkuyln"
*** You are running in headless mode.
JavaScript error: resource://gre/modules/XULStore.jsm, line 66: Error: Can't find profile directory.
1593362926607	Marionette	INFO	Listening on port 54707
1593362926623	Marionette	WARN	TLS certificate errors will be ignored for this session
1593362930353	Marionette	INFO	Stopped listening on port 54707
JavaScript error: resource://gre/modules/UrlClassifierListManager.jsm, line 691: TypeError: this.tablesData[table] is undefined

###!!! [Child][RunMessage] Error: Channel closing: too late to send/recv, messages will be lost

1593362989452	mozrunner::runner	INFO	Running command: "C:\\Program Files\\Mozilla Firefox\\firefox.exe" "-marionette" "--headless" "-foreground" "-no-remote" "-profile" "C:\\Users\\BLOODB~1\\AppData\\Local\\Temp\\rust_mozprofilehG2oeo"
*** You are running in headless mode.
JavaScript error: resource://gre/modules/XULStore.jsm, line 66: Error: Can't find profile directory.
1593362991280	Marionette	INFO	Listening on port 54774
1593362991565	Marionette	WARN	TLS certificate errors will be ignored for this session
1593362994529	Marionette	INFO	Stopped listening on port 54774
1593363043579	mozrunner::runner	INFO	Running command: "C:\\Program Files\\Mozilla Firefox\\firefox.exe" "-marionette" "--headless" "-foreground" "-no-remote" "-profile" "C:\\Users\\BLOODB~1\\AppData\\Local\\Temp\\rust_mozprofile3tFmjf"
*** You are running in headless mode.
JavaScript error: resource://gre/modules/XULStore.jsm, line 66: Error: Can't find profile directory.
1593363045142	Marionette	INFO	Listening on port 54836
1593363045187	Marionette	WARN	TLS certificate errors will be ignored for this session
1593363049213	Marionette	INFO	Stopped listening on port 54836
JavaScript error: resource://gre/modules/UrlClassifierListManager.jsm, line 691: TypeError: this.tablesData[table] is undefined
1593363198079	mozrunner::runner	INFO	Running command: "C:\\Program Files\\Mozilla Firefox\\firefox.exe" "-marionette" "--headless" "-foreground" "-no-remote" "-profile" "C:\\Users\\BLOODB~1\\AppData\\Local\\Temp\\rust_mozprofilegMwWxm"
*** You are running in headless mode.
JavaScript error: resource://gre/modules/XULStore.jsm, line 66: Error: Can't find profile directory.
1593363199765	Marionette	INFO	Listening on port 54904
1593363200191	Marionette	WARN	TLS certificate errors will be ignored for this session
JavaScript error: , line 0: NS_ERROR_NOT_AVAILABLE
: "C:\\Program Files\\Mozilla Firefox\\firefox.exe" "-marionette" "--headless" "-foreground" "-no-remote" "-profile" "C:\\Users\\BLOODB~1\\AppData\\Local\\Temp\\rust_mozprofilef4IbWh"
*** You are running in headless mode.
JavaScript error: resource://gre/modules/XULStore.jsm, line 66: Error: Can't find profile directory.
1593363240019	Marionette	INFO	Listening on port 54949
1593363240499	Marionette	WARN	TLS certificate errors will be ignored for this session
JavaScript error: , line 0: NS_ERROR_NOT_AVAILABLE
: "C:\\Program Files\\Mozilla Firefox\\firefox.exe" "-marionette" "--headless" "-foreground" "-no-remote" "-profile" "C:\\Users\\BLOODB~1\\AppData\\Local\\Temp\\rust_mozprofileilsz9o"
*** You are running in headless mode.
JavaScript error: resource://gre/modules/XULStore.jsm, line 66: Error: Can't find profile directory.
1593363265546	Marionette	INFO	Listening on port 54992
1593363265612	Marionette	WARN	TLS certificate errors will be ignored for this session
1593363270557	Marionette	INFO	Stopped listening on port 54992
1593363376410	mozrunner::runner	INFO	Running command: "C:\\Program Files\\Mozilla Firefox\\firefox.exe" "-marionette" "--headless" "-foreground" "-no-remote" "-profile" "C:\\Users\\BLOODB~1\\AppData\\Local\\Temp\\rust_mozprofileDfKH6s"
*** You are running in headless mode.
JavaScript error: resource://gre/modules/XULStore.jsm, line 66: Error: Can't find profile directory.
1593363377993	Marionette	INFO	Listening on port 55060
1593363378030	Marionette	WARN	TLS certificate errors will be ignored for this session
1593363382381	Marionette	INFO	Stopped listening on port 55060
1593363509082	mozrunner::runner	INFO	Running command: "C:\\Program Files\\Mozilla Firefox\\firefox.exe" "-marionette" "--headless" "-foreground" "-no-remote" "-profile" "C:\\Users\\BLOODB~1\\AppData\\Local\\Temp\\rust_mozprofilePX0Zoj"
*** You are running in headless mode.
JavaScript error: resource://gre/modules/XULStore.jsm, line 66: Error: Can't find profile directory.
1593363510619	Marionette	INFO	Listening on port 55128
1593363510697	Marionette	WARN	TLS certificate errors will be ignored for this session
1593363515043	Marionette	INFO	Stopped listening on port 55128
1593363895939	mozrunner::runner	INFO	Running command: "C:\\Program Files\\Mozilla Firefox\\firefox.exe" "-marionette" "--headless" "-foreground" "-no-remote" "-profile" "C:\\Users\\BLOODB~1\\AppData\\Local\\Temp\\rust_mozprofile2FM3ff"
*** You are running in headless mode.
JavaScript error: resource://gre/modules/XULStore.jsm, line 66: Error: Can't find profile directory.
1593363897720	Marionette	INFO	Listening on port 55257
1593363898048	Marionette	WARN	TLS certificate errors will be ignored for this session
JavaScript error: , line 0: NS_ERROR_NOT_AVAILABLE
: "C:\\Program Files\\Mozilla Firefox\\firefox.exe" "-marionette" "--headless" "-foreground" "-no-remote" "-profile" "C:\\Users\\BLOODB~1\\AppData\\Local\\Temp\\rust_mozprofileaAt7LX"
*** You are running in headless mode.
JavaScript error: resource://gre/modules/XULStore.jsm, line 66: Error: Can't find profile directory.
1593363955889	Marionette	INFO	Listening on port 55307
1593363956298	Marionette	WARN	TLS certificate errors will be ignored for this session
1593363960106	Marionette	INFO	Stopped listening on port 55307
JavaScript error: resource://gre/modules/UrlClassifierListManager.jsm, line 691: TypeError: this.tablesData[table] is undefined
1593364564702	mozrunner::runner	INFO	Running command: "C:\\Program Files\\Mozilla Firefox\\firefox.exe" "-marionette" "--headless" "-foreground" "-no-remote" "-profile" "C:\\Users\\BLOODB~1\\AppData\\Local\\Temp\\rust_mozprofileu0q5ol"
*** You are running in headless mode.
JavaScript error: resource://gre/modules/XULStore.jsm, line 66: Error: Can't find profile directory.
1593364566483	Marionette	INFO	Listening on port 55436
1593364566809	Marionette	WARN	TLS certificate errors will be ignored for this session
JavaScript error: , line 0: NS_ERROR_NOT_AVAILABLE
: "C:\\Program Files\\Mozilla Firefox\\firefox.exe" "-marionette" "--headless" "-foreground" "-no-remote" "-profile" "C:\\Users\\BLOODB~1\\AppData\\Local\\Temp\\rust_mozprofile8wxH7I"
*** You are running in headless mode.
JavaScript error: resource://gre/modules/XULStore.jsm, line 66: Error: Can't find profile directory.
1593364620357	Marionette	INFO	Listening on port 55508
1593364620728	Marionette	WARN	TLS certificate errors will be ignored for this session
1593364684668	Marionette	INFO	Stopped listening on port 55508
1593364742921	mozrunner::runner	INFO	Running command: "C:\\Program Files\\Mozilla Firefox\\firefox.exe" "-marionette" "--headless" "-foreground" "-no-remote" "-profile" "C:\\Users\\BLOODB~1\\AppData\\Local\\Temp\\rust_mozprofileeaQyRw"
*** You are running in headless mode.
JavaScript error: resource://gre/modules/XULStore.jsm, line 66: Error: Can't find profile directory.
1593364744533	Marionette	INFO	Listening on port 55577
1593364744543	Marionette	WARN	TLS certificate errors will be ignored for this session
1593364808321	Marionette	INFO	Stopped listening on port 55577
1593364827039	mozrunner::runner	INFO	Running command: "C:\\Program Files\\Mozilla Firefox\\firefox.exe" "-marionette" "--headless" "-foreground" "-no-remote" "-profile" "C:\\Users\\BLOODB~1\\AppData\\Local\\Temp\\rust_mozprofileDpDG5j"
*** You are running in headless mode.
JavaScript error: resource://gre/modules/XULStore.jsm, line 66: Error: Can't find profile directory.
1593364828587	Marionette	INFO	Listening on port 55644
1593364828646	Marionette	WARN	TLS certificate errors will be ignored for this session
1593364899986	Marionette	INFO	Stopped listening on port 55644
1593365065515	mozrunner::runner	INFO	Running command: "C:\\Program Files\\Mozilla Firefox\\firefox.exe" "-marionette" "--headless" "-foreground" "-no-remote" "-profile" "C:\\Users\\BLOODB~1\\AppData\\Local\\Temp\\rust_mozprofile60VkK3"
*** You are running in headless mode.
JavaScript error: resource://gre/modules/XULStore.jsm, line 66: Error: Can't find profile directory.
1593365067179	Marionette	INFO	Listening on port 55730
1593365067624	Marionette	WARN	TLS certificate errors will be ignored for this session
1593365137610	Marionette	INFO	Stopped listening on port 55730
1593365191089	mozrunner::runner	INFO	Running command: "C:\\Program Files\\Mozilla Firefox\\firefox.exe" "-marionette" "--headless" "-foreground" "-no-remote" "-profile" "C:\\Users\\BLOODB~1\\AppData\\Local\\Temp\\rust_mozprofileCpgTuZ"
*** You are running in headless mode.
JavaScript error: resource://gre/modules/XULStore.jsm, line 66: Error: Can't find profile directory.
1593365193547	Marionette	INFO	Listening on port 55810
1593365193803	Marionette	WARN	TLS certificate errors will be ignored for this session
1593365264860	Marionette	INFO	Stopped listening on port 55810
1593365655386	mozrunner::runner	INFO	Running command: "C:\\Program Files\\Mozilla Firefox\\firefox.exe" "-marionette" "--headless" "-foreground" "-no-remote" "-profile" "C:\\Users\\BLOODB~1\\AppData\\Local\\Temp\\rust_mozprofileFTobVR"
*** You are running in headless mode.
JavaScript error: resource://gre/modules/XULStore.jsm, line 66: Error: Can't find profile directory.
1593365656938	Marionette	INFO	Listening on port 55934
1593365656993	Marionette	WARN	TLS certificate errors will be ignored for this session
1593365730573	Marionette	INFO	Stopped listening on port 55934
1593365998395	mozrunner::runner	INFO	Running command: "C:\\Program Files\\Mozilla Firefox\\firefox.exe" "-marionette" "--headless" "-foreground" "-no-remote" "-profile" "C:\\Users\\BLOODB~1\\AppData\\Local\\Temp\\rust_mozprofileilln79"
*** You are running in headless mode.
JavaScript error: resource://gre/modules/XULStore.jsm, line 66: Error: Can't find profile directory.
1593366000006	Marionette	INFO	Listening on port 56021
1593366000510	Marionette	WARN	TLS certificate errors will be ignored for this session
JavaScript error: , line 0: NS_ERROR_NOT_AVAILABLE
: "C:\\Program Files\\Mozilla Firefox\\firefox.exe" "-marionette" "--headless" "-foreground" "-no-remote" "-profile" "C:\\Users\\BLOODB~1\\AppData\\Local\\Temp\\rust_mozprofileGfugaf"
*** You are running in headless mode.
JavaScript error: resource://gre/modules/XULStore.jsm, line 66: Error: Can't find profile directory.
1593366045424	Marionette	INFO	Listening on port 56061
1593366045438	Marionette	WARN	TLS certificate errors will be ignored for this session
JavaScript error: , line 0: NS_ERROR_NOT_AVAILABLE
: "C:\\Program Files\\Mozilla Firefox\\firefox.exe" "-marionette" "--headless" "-foreground" "-no-remote" "-profile" "C:\\Users\\BLOODB~1\\AppData\\Local\\Temp\\rust_mozprofile7Ut765"
*** You are running in headless mode.
JavaScript error: resource://gre/modules/XULStore.jsm, line 66: Error: Can't find profile directory.
1593366265155	Marionette	INFO	Listening on port 56154
1593366265573	Marionette	WARN	TLS certificate errors will be ignored for this session
1593366337044	Marionette	INFO	Stopped listening on port 56154
